DEBUG - 2026-04-15 02:16:46 --> Session: Class initialized using 'CodeIgniter\Session\Handlers\FileHandler' driver.
DEBUG - 2026-04-15 02:16:50 --> Session: Class initialized using 'CodeIgniter\Session\Handlers\FileHandler' driver.
DEBUG - 2026-04-15 02:16:51 --> Session: Class initialized using 'CodeIgniter\Session\Handlers\FileHandler' driver.
DEBUG - 2026-04-15 02:16:52 --> Session: Class initialized using 'CodeIgniter\Session\Handlers\FileHandler' driver.
DEBUG - 2026-04-15 02:16:52 --> Session: Class initialized using 'CodeIgniter\Session\Handlers\FileHandler' driver.
DEBUG - 2026-04-15 02:17:17 --> Session: Class initialized using 'CodeIgniter\Session\Handlers\FileHandler' driver.
DEBUG - 2026-04-15 02:17:17 --> Session: Class initialized using 'CodeIgniter\Session\Handlers\FileHandler' driver.
DEBUG - 2026-04-15 02:41:17 --> Session: Class initialized using 'CodeIgniter\Session\Handlers\FileHandler' driver.
DEBUG - 2026-04-15 02:41:19 --> Session: Class initialized using 'CodeIgniter\Session\Handlers\FileHandler' driver.
DEBUG - 2026-04-15 02:41:23 --> Session: Class initialized using 'CodeIgniter\Session\Handlers\FileHandler' driver.
DEBUG - 2026-04-15 02:41:24 --> Session: Class initialized using 'CodeIgniter\Session\Handlers\FileHandler' driver.
ERROR - 2026-04-15 02:42:18 --> mysqli_sql_exception: Unknown column 'penerbit' in 'field list' in C:\xampp_panji\htdocs\ruang_narasi\system\Database\MySQLi\Connection.php:327
Stack trace:
#0 C:\xampp_panji\htdocs\ruang_narasi\system\Database\MySQLi\Connection.php(327): mysqli->query('INSERT INTO `bo...', 0)
#1 C:\xampp_panji\htdocs\ruang_narasi\system\Database\BaseConnection.php(729): CodeIgniter\Database\MySQLi\Connection->execute('INSERT INTO `bo...')
#2 C:\xampp_panji\htdocs\ruang_narasi\system\Database\BaseConnection.php(646): CodeIgniter\Database\BaseConnection->simpleQuery('INSERT INTO `bo...')
#3 C:\xampp_panji\htdocs\ruang_narasi\system\Database\BaseBuilder.php(2345): CodeIgniter\Database\BaseConnection->query('INSERT INTO `bo...', Array, false)
#4 C:\xampp_panji\htdocs\ruang_narasi\system\Model.php(394): CodeIgniter\Database\BaseBuilder->insert()
#5 C:\xampp_panji\htdocs\ruang_narasi\system\BaseModel.php(838): CodeIgniter\Model->doInsert(Array)
#6 C:\xampp_panji\htdocs\ruang_narasi\system\Model.php(797): CodeIgniter\BaseModel->insert(Array, false)
#7 C:\xampp_panji\htdocs\ruang_narasi\system\BaseModel.php(751): CodeIgniter\Model->insert(Array, false)
#8 C:\xampp_panji\htdocs\ruang_narasi\app\Controllers\Buku.php(26): CodeIgniter\BaseModel->save(Array)
#9 C:\xampp_panji\htdocs\ruang_narasi\system\CodeIgniter.php(933): App\Controllers\Buku->simpan()
#10 C:\xampp_panji\htdocs\ruang_narasi\system\CodeIgniter.php(507): CodeIgniter\CodeIgniter->runController(Object(App\Controllers\Buku))
#11 C:\xampp_panji\htdocs\ruang_narasi\system\CodeIgniter.php(354): CodeIgniter\CodeIgniter->handleRequest(NULL, Object(Config\Cache), false)
#12 C:\xampp_panji\htdocs\ruang_narasi\system\Boot.php(363): CodeIgniter\CodeIgniter->run()
#13 C:\xampp_panji\htdocs\ruang_narasi\system\Boot.php(68): CodeIgniter\Boot::runCodeIgniter(Object(CodeIgniter\CodeIgniter))
#14 C:\xampp_panji\htdocs\ruang_narasi\public\index.php(59): CodeIgniter\Boot::bootWeb(Object(Config\Paths))
#15 {main}
CRITICAL - 2026-04-15 02:42:18 --> CodeIgniter\Database\Exceptions\DatabaseException: Unknown column 'penerbit' in 'field list'
[Method: POST, Route: buku/simpan]
in SYSTEMPATH\Database\BaseConnection.php on line 684.
 1 SYSTEMPATH\Database\BaseBuilder.php(2345): CodeIgniter\Database\BaseConnection->query('INSERT INTO `books` (`judul`, `penulis`, `penerbit`, `tahun_terbit`, `stok`) VALUES (:judul:, :penulis:, :penerbit:, :tahun_terbit:, :stok:)', [...], false)
 2 SYSTEMPATH\Model.php(394): CodeIgniter\Database\BaseBuilder->insert()
 3 SYSTEMPATH\BaseModel.php(838): CodeIgniter\Model->doInsert([...])
 4 SYSTEMPATH\Model.php(797): CodeIgniter\BaseModel->insert([...], false)
 5 SYSTEMPATH\BaseModel.php(751): CodeIgniter\Model->insert([...], false)
 6 APPPATH\Controllers\Buku.php(26): CodeIgniter\BaseModel->save([...])
 7 SYSTEMPATH\CodeIgniter.php(933): App\Controllers\Buku->simpan()
 8 SYSTEMPATH\CodeIgniter.php(507): CodeIgniter\CodeIgniter->runController(Object(App\Controllers\Buku))
 9 SYSTEMPATH\CodeIgniter.php(354): CodeIgniter\CodeIgniter->handleRequest(null, Object(Config\Cache), false)
10 SYSTEMPATH\Boot.php(363): CodeIgniter\CodeIgniter->run()
11 SYSTEMPATH\Boot.php(68): CodeIgniter\Boot::runCodeIgniter(Object(CodeIgniter\CodeIgniter))
12 FCPATH\index.php(59): CodeIgniter\Boot::bootWeb(Object(Config\Paths))
CRITICAL - 2026-04-15 02:42:18 --> [Caused by] CodeIgniter\Database\Exceptions\DatabaseException: Unknown column 'penerbit' in 'field list'
in SYSTEMPATH\Database\MySQLi\Connection.php on line 332.
 1 SYSTEMPATH\Database\BaseConnection.php(729): CodeIgniter\Database\MySQLi\Connection->execute('INSERT INTO `books` (`judul`, `penulis`, `penerbit`, `tahun_terbit`, `stok`) VALUES (\'barcelona fc\', \'ajay\', \'ddd\', \'7234\', \'166\')')
 2 SYSTEMPATH\Database\BaseConnection.php(646): CodeIgniter\Database\BaseConnection->simpleQuery('INSERT INTO `books` (`judul`, `penulis`, `penerbit`, `tahun_terbit`, `stok`) VALUES (\'barcelona fc\', \'ajay\', \'ddd\', \'7234\', \'166\')')
 3 SYSTEMPATH\Database\BaseBuilder.php(2345): CodeIgniter\Database\BaseConnection->query('INSERT INTO `books` (`judul`, `penulis`, `penerbit`, `tahun_terbit`, `stok`) VALUES (:judul:, :penulis:, :penerbit:, :tahun_terbit:, :stok:)', [...], false)
 4 SYSTEMPATH\Model.php(394): CodeIgniter\Database\BaseBuilder->insert()
 5 SYSTEMPATH\BaseModel.php(838): CodeIgniter\Model->doInsert([...])
 6 SYSTEMPATH\Model.php(797): CodeIgniter\BaseModel->insert([...], false)
 7 SYSTEMPATH\BaseModel.php(751): CodeIgniter\Model->insert([...], false)
 8 APPPATH\Controllers\Buku.php(26): CodeIgniter\BaseModel->save([...])
 9 SYSTEMPATH\CodeIgniter.php(933): App\Controllers\Buku->simpan()
10 SYSTEMPATH\CodeIgniter.php(507): CodeIgniter\CodeIgniter->runController(Object(App\Controllers\Buku))
11 SYSTEMPATH\CodeIgniter.php(354): CodeIgniter\CodeIgniter->handleRequest(null, Object(Config\Cache), false)
12 SYSTEMPATH\Boot.php(363): CodeIgniter\CodeIgniter->run()
13 SYSTEMPATH\Boot.php(68): CodeIgniter\Boot::runCodeIgniter(Object(CodeIgniter\CodeIgniter))
14 FCPATH\index.php(59): CodeIgniter\Boot::bootWeb(Object(Config\Paths))
CRITICAL - 2026-04-15 02:42:18 --> [Caused by] mysqli_sql_exception: Unknown column 'penerbit' in 'field list'
in SYSTEMPATH\Database\MySQLi\Connection.php on line 327.
 1 SYSTEMPATH\Database\MySQLi\Connection.php(327): mysqli->query('INSERT INTO `books` (`judul`, `penulis`, `penerbit`, `tahun_terbit`, `stok`) VALUES (\'barcelona fc\', \'ajay\', \'ddd\', \'7234\', \'166\')', 0)
 2 SYSTEMPATH\Database\BaseConnection.php(729): CodeIgniter\Database\MySQLi\Connection->execute('INSERT INTO `books` (`judul`, `penulis`, `penerbit`, `tahun_terbit`, `stok`) VALUES (\'barcelona fc\', \'ajay\', \'ddd\', \'7234\', \'166\')')
 3 SYSTEMPATH\Database\BaseConnection.php(646): CodeIgniter\Database\BaseConnection->simpleQuery('INSERT INTO `books` (`judul`, `penulis`, `penerbit`, `tahun_terbit`, `stok`) VALUES (\'barcelona fc\', \'ajay\', \'ddd\', \'7234\', \'166\')')
 4 SYSTEMPATH\Database\BaseBuilder.php(2345): CodeIgniter\Database\BaseConnection->query('INSERT INTO `books` (`judul`, `penulis`, `penerbit`, `tahun_terbit`, `stok`) VALUES (:judul:, :penulis:, :penerbit:, :tahun_terbit:, :stok:)', [...], false)
 5 SYSTEMPATH\Model.php(394): CodeIgniter\Database\BaseBuilder->insert()
 6 SYSTEMPATH\BaseModel.php(838): CodeIgniter\Model->doInsert([...])
 7 SYSTEMPATH\Model.php(797): CodeIgniter\BaseModel->insert([...], false)
 8 SYSTEMPATH\BaseModel.php(751): CodeIgniter\Model->insert([...], false)
 9 APPPATH\Controllers\Buku.php(26): CodeIgniter\BaseModel->save([...])
10 SYSTEMPATH\CodeIgniter.php(933): App\Controllers\Buku->simpan()
11 SYSTEMPATH\CodeIgniter.php(507): CodeIgniter\CodeIgniter->runController(Object(App\Controllers\Buku))
12 SYSTEMPATH\CodeIgniter.php(354): CodeIgniter\CodeIgniter->handleRequest(null, Object(Config\Cache), false)
13 SYSTEMPATH\Boot.php(363): CodeIgniter\CodeIgniter->run()
14 SYSTEMPATH\Boot.php(68): CodeIgniter\Boot::runCodeIgniter(Object(CodeIgniter\CodeIgniter))
15 FCPATH\index.php(59): CodeIgniter\Boot::bootWeb(Object(Config\Paths))
ERROR - 2026-04-15 02:42:33 --> mysqli_sql_exception: Unknown column 'penerbit' in 'field list' in C:\xampp_panji\htdocs\ruang_narasi\system\Database\MySQLi\Connection.php:327
Stack trace:
#0 C:\xampp_panji\htdocs\ruang_narasi\system\Database\MySQLi\Connection.php(327): mysqli->query('INSERT INTO `bo...', 0)
#1 C:\xampp_panji\htdocs\ruang_narasi\system\Database\BaseConnection.php(729): CodeIgniter\Database\MySQLi\Connection->execute('INSERT INTO `bo...')
#2 C:\xampp_panji\htdocs\ruang_narasi\system\Database\BaseConnection.php(646): CodeIgniter\Database\BaseConnection->simpleQuery('INSERT INTO `bo...')
#3 C:\xampp_panji\htdocs\ruang_narasi\system\Database\BaseBuilder.php(2345): CodeIgniter\Database\BaseConnection->query('INSERT INTO `bo...', Array, false)
#4 C:\xampp_panji\htdocs\ruang_narasi\system\Model.php(394): CodeIgniter\Database\BaseBuilder->insert()
#5 C:\xampp_panji\htdocs\ruang_narasi\system\BaseModel.php(838): CodeIgniter\Model->doInsert(Array)
#6 C:\xampp_panji\htdocs\ruang_narasi\system\Model.php(797): CodeIgniter\BaseModel->insert(Array, false)
#7 C:\xampp_panji\htdocs\ruang_narasi\system\BaseModel.php(751): CodeIgniter\Model->insert(Array, false)
#8 C:\xampp_panji\htdocs\ruang_narasi\app\Controllers\Buku.php(26): CodeIgniter\BaseModel->save(Array)
#9 C:\xampp_panji\htdocs\ruang_narasi\system\CodeIgniter.php(933): App\Controllers\Buku->simpan()
#10 C:\xampp_panji\htdocs\ruang_narasi\system\CodeIgniter.php(507): CodeIgniter\CodeIgniter->runController(Object(App\Controllers\Buku))
#11 C:\xampp_panji\htdocs\ruang_narasi\system\CodeIgniter.php(354): CodeIgniter\CodeIgniter->handleRequest(NULL, Object(Config\Cache), false)
#12 C:\xampp_panji\htdocs\ruang_narasi\system\Boot.php(363): CodeIgniter\CodeIgniter->run()
#13 C:\xampp_panji\htdocs\ruang_narasi\system\Boot.php(68): CodeIgniter\Boot::runCodeIgniter(Object(CodeIgniter\CodeIgniter))
#14 C:\xampp_panji\htdocs\ruang_narasi\public\index.php(59): CodeIgniter\Boot::bootWeb(Object(Config\Paths))
#15 {main}
CRITICAL - 2026-04-15 02:42:33 --> CodeIgniter\Database\Exceptions\DatabaseException: Unknown column 'penerbit' in 'field list'
[Method: POST, Route: buku/simpan]
in SYSTEMPATH\Database\BaseConnection.php on line 684.
 1 SYSTEMPATH\Database\BaseBuilder.php(2345): CodeIgniter\Database\BaseConnection->query('INSERT INTO `books` (`judul`, `penulis`, `penerbit`, `tahun_terbit`, `stok`) VALUES (:judul:, :penulis:, :penerbit:, :tahun_terbit:, :stok:)', [...], false)
 2 SYSTEMPATH\Model.php(394): CodeIgniter\Database\BaseBuilder->insert()
 3 SYSTEMPATH\BaseModel.php(838): CodeIgniter\Model->doInsert([...])
 4 SYSTEMPATH\Model.php(797): CodeIgniter\BaseModel->insert([...], false)
 5 SYSTEMPATH\BaseModel.php(751): CodeIgniter\Model->insert([...], false)
 6 APPPATH\Controllers\Buku.php(26): CodeIgniter\BaseModel->save([...])
 7 SYSTEMPATH\CodeIgniter.php(933): App\Controllers\Buku->simpan()
 8 SYSTEMPATH\CodeIgniter.php(507): CodeIgniter\CodeIgniter->runController(Object(App\Controllers\Buku))
 9 SYSTEMPATH\CodeIgniter.php(354): CodeIgniter\CodeIgniter->handleRequest(null, Object(Config\Cache), false)
10 SYSTEMPATH\Boot.php(363): CodeIgniter\CodeIgniter->run()
11 SYSTEMPATH\Boot.php(68): CodeIgniter\Boot::runCodeIgniter(Object(CodeIgniter\CodeIgniter))
12 FCPATH\index.php(59): CodeIgniter\Boot::bootWeb(Object(Config\Paths))
CRITICAL - 2026-04-15 02:42:33 --> [Caused by] CodeIgniter\Database\Exceptions\DatabaseException: Unknown column 'penerbit' in 'field list'
in SYSTEMPATH\Database\MySQLi\Connection.php on line 332.
 1 SYSTEMPATH\Database\BaseConnection.php(729): CodeIgniter\Database\MySQLi\Connection->execute('INSERT INTO `books` (`judul`, `penulis`, `penerbit`, `tahun_terbit`, `stok`) VALUES (\'barcelona fc\', \'ajay\', \'ddd\', \'2390\', \'166\')')
 2 SYSTEMPATH\Database\BaseConnection.php(646): CodeIgniter\Database\BaseConnection->simpleQuery('INSERT INTO `books` (`judul`, `penulis`, `penerbit`, `tahun_terbit`, `stok`) VALUES (\'barcelona fc\', \'ajay\', \'ddd\', \'2390\', \'166\')')
 3 SYSTEMPATH\Database\BaseBuilder.php(2345): CodeIgniter\Database\BaseConnection->query('INSERT INTO `books` (`judul`, `penulis`, `penerbit`, `tahun_terbit`, `stok`) VALUES (:judul:, :penulis:, :penerbit:, :tahun_terbit:, :stok:)', [...], false)
 4 SYSTEMPATH\Model.php(394): CodeIgniter\Database\BaseBuilder->insert()
 5 SYSTEMPATH\BaseModel.php(838): CodeIgniter\Model->doInsert([...])
 6 SYSTEMPATH\Model.php(797): CodeIgniter\BaseModel->insert([...], false)
 7 SYSTEMPATH\BaseModel.php(751): CodeIgniter\Model->insert([...], false)
 8 APPPATH\Controllers\Buku.php(26): CodeIgniter\BaseModel->save([...])
 9 SYSTEMPATH\CodeIgniter.php(933): App\Controllers\Buku->simpan()
10 SYSTEMPATH\CodeIgniter.php(507): CodeIgniter\CodeIgniter->runController(Object(App\Controllers\Buku))
11 SYSTEMPATH\CodeIgniter.php(354): CodeIgniter\CodeIgniter->handleRequest(null, Object(Config\Cache), false)
12 SYSTEMPATH\Boot.php(363): CodeIgniter\CodeIgniter->run()
13 SYSTEMPATH\Boot.php(68): CodeIgniter\Boot::runCodeIgniter(Object(CodeIgniter\CodeIgniter))
14 FCPATH\index.php(59): CodeIgniter\Boot::bootWeb(Object(Config\Paths))
CRITICAL - 2026-04-15 02:42:33 --> [Caused by] mysqli_sql_exception: Unknown column 'penerbit' in 'field list'
in SYSTEMPATH\Database\MySQLi\Connection.php on line 327.
 1 SYSTEMPATH\Database\MySQLi\Connection.php(327): mysqli->query('INSERT INTO `books` (`judul`, `penulis`, `penerbit`, `tahun_terbit`, `stok`) VALUES (\'barcelona fc\', \'ajay\', \'ddd\', \'2390\', \'166\')', 0)
 2 SYSTEMPATH\Database\BaseConnection.php(729): CodeIgniter\Database\MySQLi\Connection->execute('INSERT INTO `books` (`judul`, `penulis`, `penerbit`, `tahun_terbit`, `stok`) VALUES (\'barcelona fc\', \'ajay\', \'ddd\', \'2390\', \'166\')')
 3 SYSTEMPATH\Database\BaseConnection.php(646): CodeIgniter\Database\BaseConnection->simpleQuery('INSERT INTO `books` (`judul`, `penulis`, `penerbit`, `tahun_terbit`, `stok`) VALUES (\'barcelona fc\', \'ajay\', \'ddd\', \'2390\', \'166\')')
 4 SYSTEMPATH\Database\BaseBuilder.php(2345): CodeIgniter\Database\BaseConnection->query('INSERT INTO `books` (`judul`, `penulis`, `penerbit`, `tahun_terbit`, `stok`) VALUES (:judul:, :penulis:, :penerbit:, :tahun_terbit:, :stok:)', [...], false)
 5 SYSTEMPATH\Model.php(394): CodeIgniter\Database\BaseBuilder->insert()
 6 SYSTEMPATH\BaseModel.php(838): CodeIgniter\Model->doInsert([...])
 7 SYSTEMPATH\Model.php(797): CodeIgniter\BaseModel->insert([...], false)
 8 SYSTEMPATH\BaseModel.php(751): CodeIgniter\Model->insert([...], false)
 9 APPPATH\Controllers\Buku.php(26): CodeIgniter\BaseModel->save([...])
10 SYSTEMPATH\CodeIgniter.php(933): App\Controllers\Buku->simpan()
11 SYSTEMPATH\CodeIgniter.php(507): CodeIgniter\CodeIgniter->runController(Object(App\Controllers\Buku))
12 SYSTEMPATH\CodeIgniter.php(354): CodeIgniter\CodeIgniter->handleRequest(null, Object(Config\Cache), false)
13 SYSTEMPATH\Boot.php(363): CodeIgniter\CodeIgniter->run()
14 SYSTEMPATH\Boot.php(68): CodeIgniter\Boot::runCodeIgniter(Object(CodeIgniter\CodeIgniter))
15 FCPATH\index.php(59): CodeIgniter\Boot::bootWeb(Object(Config\Paths))
DEBUG - 2026-04-15 02:57:09 --> Session: Class initialized using 'CodeIgniter\Session\Handlers\FileHandler' driver.
DEBUG - 2026-04-15 02:57:09 --> Session: Class initialized using 'CodeIgniter\Session\Handlers\FileHandler' driver.
DEBUG - 2026-04-15 03:31:00 --> Session: Class initialized using 'CodeIgniter\Session\Handlers\FileHandler' driver.
DEBUG - 2026-04-15 03:31:05 --> Session: Class initialized using 'CodeIgniter\Session\Handlers\FileHandler' driver.
DEBUG - 2026-04-15 03:31:26 --> Session: Class initialized using 'CodeIgniter\Session\Handlers\FileHandler' driver.
DEBUG - 2026-04-15 03:42:33 --> Session: Class initialized using 'CodeIgniter\Session\Handlers\FileHandler' driver.
DEBUG - 2026-04-15 03:42:34 --> Session: Class initialized using 'CodeIgniter\Session\Handlers\FileHandler' driver.
DEBUG - 2026-04-15 03:42:38 --> Session: Class initialized using 'CodeIgniter\Session\Handlers\FileHandler' driver.
DEBUG - 2026-04-15 03:42:38 --> Session: Class initialized using 'CodeIgniter\Session\Handlers\FileHandler' driver.
DEBUG - 2026-04-15 03:42:55 --> Session: Class initialized using 'CodeIgniter\Session\Handlers\FileHandler' driver.
DEBUG - 2026-04-15 03:42:55 --> Session: Class initialized using 'CodeIgniter\Session\Handlers\FileHandler' driver.
